<?xml version="1.0" encoding="UTF-8" ?>
<testsuite failures="5" time="0.009" errors="0" skipped="0" tests="5" name="net.sourceforge.logias.LetTest">
  <properties>
    <property name="java.runtime.name" value="Java(TM) SE Runtime Environment"/>
    <property name="sun.boot.library.path" value="/Library/Java/JavaVirtualMachines/1.7.0.jdk/Contents/Home/jre/lib"/>
    <property name="java.vm.version" value="23.1-b03"/>
    <property name="user.country.format" value="JP"/>
    <property name="gopherProxySet" value="false"/>
    <property name="java.vm.vendor" value="Oracle Corporation"/>
    <property name="java.vendor.url" value="http://java.oracle.com/"/>
    <property name="path.separator" value=":"/>
    <property name="java.vm.name" value="Java HotSpot(TM) 64-Bit Server VM"/>
    <property name="file.encoding.pkg" value="sun.io"/>
    <property name="user.country" value="US"/>
    <property name="sun.java.launcher" value="SUN_STANDARD"/>
    <property name="sun.os.patch.level" value="unknown"/>
    <property name="java.vm.specification.name" value="Java Virtual Machine Specification"/>
    <property name="user.dir" value="/Users/hiroshi/Documents/git/logiaslisp"/>
    <property name="java.runtime.version" value="1.7.0_05-b06"/>
    <property name="java.awt.graphicsenv" value="sun.awt.CGraphicsEnvironment"/>
    <property name="basedir" value="/Users/hiroshi/Documents/git/logiaslisp"/>
    <property name="java.endorsed.dirs" value="/Library/Java/JavaVirtualMachines/1.7.0.jdk/Contents/Home/jre/lib/endorsed"/>
    <property name="os.arch" value="x86_64"/>
    <property name="surefire.real.class.path" value="/Users/hiroshi/Documents/git/logiaslisp/target/surefire/surefirebooter8355981907563582653.jar"/>
    <property name="java.io.tmpdir" value="/var/folders/br/0vntrj0d24b_q8q_xcjtn3k40000gn/T/"/>
    <property name="line.separator" value="
"/>
    <property name="java.vm.specification.vendor" value="Oracle Corporation"/>
    <property name="os.name" value="Mac OS X"/>
    <property name="sun.jnu.encoding" value="UTF-8"/>
    <property name="java.library.path" value="/Users/hiroshi/Library/Java/Extensions:/Library/Java/Extensions:/Network/Library/Java/Extensions:/System/Library/Java/Extensions:/usr/lib/java:."/>
    <property name="surefire.test.class.path" value="/Users/hiroshi/Documents/git/logiaslisp/target/test-classes:/Users/hiroshi/Documents/git/logiaslisp/target/classes:/Users/hiroshi/.m2/repository/com/google/code/gson/gson/2.1/gson-2.1.jar:"/>
    <property name="java.specification.name" value="Java Platform API Specification"/>
    <property name="java.class.version" value="51.0"/>
    <property name="sun.management.compiler" value="HotSpot 64-Bit Tiered Compilers"/>
    <property name="os.version" value="10.8.2"/>
    <property name="http.nonProxyHosts" value="local|*.local|169.254/16|*.169.254/16"/>
    <property name="user.home" value="/Users/hiroshi"/>
    <property name="user.timezone" value=""/>
    <property name="java.awt.printerjob" value="sun.lwawt.macosx.CPrinterJob"/>
    <property name="java.specification.version" value="1.7"/>
    <property name="file.encoding" value="UTF-8"/>
    <property name="user.name" value="hiroshi"/>
    <property name="java.class.path" value="/Users/hiroshi/Documents/git/logiaslisp/target/test-classes:/Users/hiroshi/Documents/git/logiaslisp/target/classes:/Users/hiroshi/.m2/repository/com/google/code/gson/gson/2.1/gson-2.1.jar:"/>
    <property name="java.vm.specification.version" value="1.7"/>
    <property name="sun.arch.data.model" value="64"/>
    <property name="java.home" value="/Library/Java/JavaVirtualMachines/1.7.0.jdk/Contents/Home/jre"/>
    <property name="sun.java.command" value="/Users/hiroshi/Documents/git/logiaslisp/target/surefire/surefirebooter8355981907563582653.jar /Users/hiroshi/Documents/git/logiaslisp/target/surefire/surefire182339343637919219tmp /Users/hiroshi/Documents/git/logiaslisp/target/surefire/surefire2940822156037691235tmp"/>
    <property name="java.specification.vendor" value="Oracle Corporation"/>
    <property name="user.language" value="en"/>
    <property name="awt.toolkit" value="sun.lwawt.macosx.LWCToolkit"/>
    <property name="java.vm.info" value="mixed mode"/>
    <property name="java.version" value="1.7.0_05"/>
    <property name="java.ext.dirs" value="/Users/hiroshi/Library/Java/Extensions:/Library/Java/JavaVirtualMachines/1.7.0.jdk/Contents/Home/jre/lib/ext:/Library/Java/Extensions:/Network/Library/Java/Extensions:/System/Library/Java/Extensions:/usr/lib/java"/>
    <property name="sun.boot.class.path" value="/Library/Java/JavaVirtualMachines/1.7.0.jdk/Contents/Home/jre/lib/resources.jar:/Library/Java/JavaVirtualMachines/1.7.0.jdk/Contents/Home/jre/lib/rt.jar:/Library/Java/JavaVirtualMachines/1.7.0.jdk/Contents/Home/jre/lib/sunrsasign.jar:/Library/Java/JavaVirtualMachines/1.7.0.jdk/Contents/Home/jre/lib/jsse.jar:/Library/Java/JavaVirtualMachines/1.7.0.jdk/Contents/Home/jre/lib/jce.jar:/Library/Java/JavaVirtualMachines/1.7.0.jdk/Contents/Home/jre/lib/charsets.jar:/Library/Java/JavaVirtualMachines/1.7.0.jdk/Contents/Home/jre/lib/jfr.jar:/Library/Java/JavaVirtualMachines/1.7.0.jdk/Contents/Home/jre/lib/JObjC.jar:/Library/Java/JavaVirtualMachines/1.7.0.jdk/Contents/Home/jre/classes"/>
    <property name="java.vendor" value="Oracle Corporation"/>
    <property name="localRepository" value="/Users/hiroshi/.m2/repository"/>
    <property name="file.separator" value="/"/>
    <property name="java.vendor.url.bug" value="http://bugreport.sun.com/bugreport/"/>
    <property name="sun.cpu.endian" value="little"/>
    <property name="sun.io.unicode.encoding" value="UnicodeBig"/>
    <property name="socksNonProxyHosts" value="local|*.local|169.254/16|*.169.254/16"/>
    <property name="ftp.nonProxyHosts" value="local|*.local|169.254/16|*.169.254/16"/>
    <property name="sun.cpu.isalist" value=""/>
  </properties>
  <testcase time="0.001" classname="net.sourceforge.logias.LetTest" name="net.sourceforge.logias.LetTest.test_004">
    <failure type="java.lang.NullPointerException">java.lang.NullPointerException
	at net.sourceforge.logias.LetTest.test_004(LetTest.java:32)
</failure>
    <system-out>@SLTests run: 3, Failures: 3, Errors: 0, Skipped: 0, Time elapsed: 0.006 sec &lt;&lt;&lt; FAILURE!
@SLRunning net.sourceforge.logias.LetTest
</system-out>
  </testcase>
  <testcase time="0.001" classname="net.sourceforge.logias.LetTest" name="net.sourceforge.logias.LetTest.test_005">
    <failure type="java.lang.NullPointerException">java.lang.NullPointerException
	at net.sourceforge.logias.LetTest.test_005(LetTest.java:39)
</failure>
  </testcase>
  <testcase time="0.002" classname="net.sourceforge.logias.LetTest" name="net.sourceforge.logias.LetTest.test_001">
    <failure type="java.lang.NullPointerException">java.lang.NullPointerException
	at net.sourceforge.logias.LetTest.test_001(LetTest.java:11)
</failure>
  </testcase>
  <testcase time="0.002" classname="net.sourceforge.logias.LetTest" name="net.sourceforge.logias.LetTest.test_002">
    <failure type="java.lang.NullPointerException">java.lang.NullPointerException
	at net.sourceforge.logias.LetTest.test_002(LetTest.java:18)
</failure>
  </testcase>
  <testcase time="0.001" classname="net.sourceforge.logias.LetTest" name="net.sourceforge.logias.LetTest.test_003">
    <failure type="java.lang.NullPointerException">java.lang.NullPointerException
	at net.sourceforge.logias.LetTest.test_003(LetTest.java:25)
</failure>
  </testcase>
</testsuite>